<?xml version="1.0" encoding="UTF-8" ?>
<testsuite errors="1" failures="0" hostname="JamesLu-PC" name="GitTest" tests="1" time="0.047" timestamp="2012-02-16T06:04:06">
  <properties>
[...]
</properties>
  <testcase classname="GitTest" name="initializationError" time="0.0040">
    <error message="No runnable methods" type="java.lang.Exception">java.lang.Exception: No runnable methods
	at java.lang.reflect.Constructor.newInstance(Unknown Source)
</error>
  </testcase>
  <system-out><![CDATA[]]></system-out>
  <system-err><![CDATA[]]></system-err>
</testsuite>
