<?xml version="1.0" encoding="UTF-8" ?>
<testsuites>
  <testsuite errors="0" failures="0" hostname="JamesLu-PC" id="0" name="AllTests" package="com.tasc.junit" tests="2" time="0.025" timestamp="2012-02-16T05:07:33">
      <properties>
[...]
</properties>

      <testcase classname="com.tasc.util.test.Addition_Test" name="testAddition" time="0.0010" />

      <testcase classname="com.tasc.util.test.Multiply_Test" name="testMultiply" time="0.0" />

      <system-out><![CDATA[Test use of Addition class
Result: 9
Test use of Multiply class
Result: 20
]]></system-out>

      <system-err><![CDATA[]]></system-err>

  </testsuite>
</testsuites>
